0 info it worked if it ends with ok
1 verbose cli [ '/Users/manduks/.nvm/versions/node/v7.4.0/bin/node',
1 verbose cli   '/Users/manduks/.nvm/versions/node/v7.4.0/bin/npm',
1 verbose cli   'publish' ]
2 info using npm@4.0.5
3 info using node@v7.4.0
4 verbose publish [ '.' ]
5 silly cache add args [ '.', null ]
6 verbose cache add spec .
7 silly cache add parsed spec Result {
7 silly cache add   raw: '.',
7 silly cache add   scope: null,
7 silly cache add   escapedName: null,
7 silly cache add   name: null,
7 silly cache add   rawSpec: '.',
7 silly cache add   spec: '/Users/manduks/Documents/code/robotois-modules/robotois-servos',
7 silly cache add   type: 'directory' }
8 verbose addLocalDirectory /Users/manduks/.npm/robotois-servos/1.0.0/package.tgz not in flight; packing
9 verbose correctMkdir /Users/manduks/.npm correctMkdir not in flight; initializing
10 info lifecycle robotois-servos@1.0.0~prepublish: robotois-servos@1.0.0
11 silly lifecycle robotois-servos@1.0.0~prepublish: no script for prepublish, continuing
12 info lifecycle robotois-servos@1.0.0~prepare: robotois-servos@1.0.0
13 silly lifecycle robotois-servos@1.0.0~prepare: no script for prepare, continuing
14 verbose tar pack [ '/Users/manduks/.npm/robotois-servos/1.0.0/package.tgz',
14 verbose tar pack   '/Users/manduks/Documents/code/robotois-modules/robotois-servos' ]
15 verbose tarball /Users/manduks/.npm/robotois-servos/1.0.0/package.tgz
16 verbose folder /Users/manduks/Documents/code/robotois-modules/robotois-servos
17 verbose addLocalTarball adding from inside cache /Users/manduks/.npm/robotois-servos/1.0.0/package.tgz
18 verbose correctMkdir /Users/manduks/.npm correctMkdir not in flight; initializing
19 silly cache afterAdd robotois-servos@1.0.0
20 verbose afterAdd /Users/manduks/.npm/robotois-servos/1.0.0/package/package.json not in flight; writing
21 verbose correctMkdir /Users/manduks/.npm correctMkdir not in flight; initializing
22 verbose afterAdd /Users/manduks/.npm/robotois-servos/1.0.0/package/package.json written
23 silly publish { name: 'robotois-servos',
23 silly publish   version: '1.0.0',
23 silly publish   description: 'Node library for controlling Servos',
23 silly publish   main: 'index.js',
23 silly publish   scripts:
23 silly publish    { test: 'echo "Error: no test specified" && exit 1',
23 silly publish      install: 'node-gyp rebuild' },
23 silly publish   keywords: [ 'servos' ],
23 silly publish   author: { name: 'yovany@robotois.com' },
23 silly publish   contributors:
23 silly publish    [ { name: 'Armando Gonzalez',
23 silly publish        email: 'iam@armando.mx',
23 silly publish        url: 'http://armando.mx/' } ],
23 silly publish   license: 'ISC',
23 silly publish   dependencies: { bindings: '^1.2.1' },
23 silly publish   gypfile: true,
23 silly publish   devDependencies:
23 silly publish    { 'babel-eslint': '^7.1.1',
23 silly publish      eslint: '^3.16.1',
23 silly publish      'eslint-config-airbnb': '^14.1.0',
23 silly publish      'eslint-plugin-import': '^2.2.0',
23 silly publish      'eslint-plugin-jsx-a11y': '^4.0.0',
23 silly publish      'eslint-plugin-react': '^6.10.0' },
23 silly publish   readme: '# robotois-servos\nNode library to control servos using the Servos Module\n',
23 silly publish   readmeFilename: 'README.md',
23 silly publish   gitHead: 'f2464d57699de833b96c74e02e826811c4fddfd1',
23 silly publish   _id: 'robotois-servos@1.0.0',
23 silly publish   _shasum: '84b767f957bcbdd3f71276ea217cda4a99e6c165',
23 silly publish   _from: '.' }
24 info lifecycle robotois-servos@1.0.0~prepublishOnly: robotois-servos@1.0.0
25 silly lifecycle robotois-servos@1.0.0~prepublishOnly: no script for prepublishOnly, continuing
26 verbose getPublishConfig undefined
27 silly mapToRegistry name robotois-servos
28 silly mapToRegistry using default registry
29 silly mapToRegistry registry https://registry.npmjs.org/
30 silly mapToRegistry data Result {
30 silly mapToRegistry   raw: 'robotois-servos',
30 silly mapToRegistry   scope: null,
30 silly mapToRegistry   escapedName: 'robotois-servos',
30 silly mapToRegistry   name: 'robotois-servos',
30 silly mapToRegistry   rawSpec: '',
30 silly mapToRegistry   spec: 'latest',
30 silly mapToRegistry   type: 'tag' }
31 silly mapToRegistry uri https://registry.npmjs.org/robotois-servos
32 verbose publish registryBase https://registry.npmjs.org/
33 silly publish uploading /Users/manduks/.npm/robotois-servos/1.0.0/package.tgz
34 verbose request uri https://registry.npmjs.org/robotois-servos
35 verbose request sending authorization for write operation
36 info attempt registry request try #1 at 14:53:07
37 verbose request using bearer token for auth
38 verbose request id 681552702b48cd77
39 http request PUT https://registry.npmjs.org/robotois-servos
40 http 403 https://registry.npmjs.org/robotois-servos
41 verbose headers { 'content-type': 'application/json',
41 verbose headers   'cache-control': 'max-age=300',
41 verbose headers   'content-length': '95',
41 verbose headers   'accept-ranges': 'bytes',
41 verbose headers   date: 'Sat, 11 Mar 2017 20:53:09 GMT',
41 verbose headers   via: '1.1 varnish',
41 verbose headers   connection: 'keep-alive',
41 verbose headers   'x-served-by': 'cache-dfw1846-DFW',
41 verbose headers   'x-cache': 'MISS',
41 verbose headers   'x-cache-hits': '0',
41 verbose headers   'x-timer': 'S1489265587.939291,VS0,VE1114',
41 verbose headers   vary: 'Accept-Encoding' }
42 verbose request invalidating /Users/manduks/.npm/registry.npmjs.org/robotois-servos on PUT
43 error publish Failed PUT 403
44 verbose stack Error: "You cannot publish over the previously published version 1.0.0." : robotois-servos
44 verbose stack     at makeError (/Users/manduks/.nvm/versions/node/v7.4.0/lib/node_modules/npm/node_modules/npm-registry-client/lib/request.js:302:12)
44 verbose stack     at CachingRegistryClient.<anonymous> (/Users/manduks/.nvm/versions/node/v7.4.0/lib/node_modules/npm/node_modules/npm-registry-client/lib/request.js:290:14)
44 verbose stack     at Request._callback (/Users/manduks/.nvm/versions/node/v7.4.0/lib/node_modules/npm/node_modules/npm-registry-client/lib/request.js:210:14)
44 verbose stack     at Request.self.callback (/Users/manduks/.nvm/versions/node/v7.4.0/lib/node_modules/npm/node_modules/request/request.js:186:22)
44 verbose stack     at emitTwo (events.js:106:13)
44 verbose stack     at Request.emit (events.js:191:7)
44 verbose stack     at Request.<anonymous> (/Users/manduks/.nvm/versions/node/v7.4.0/lib/node_modules/npm/node_modules/request/request.js:1081:10)
44 verbose stack     at emitOne (events.js:96:13)
44 verbose stack     at Request.emit (events.js:188:7)
44 verbose stack     at IncomingMessage.<anonymous> (/Users/manduks/.nvm/versions/node/v7.4.0/lib/node_modules/npm/node_modules/request/request.js:1001:12)
45 verbose statusCode 403
46 verbose pkgid robotois-servos
47 verbose cwd /Users/manduks/Documents/code/robotois-modules/robotois-servos
48 error Darwin 16.4.0
49 error argv "/Users/manduks/.nvm/versions/node/v7.4.0/bin/node" "/Users/manduks/.nvm/versions/node/v7.4.0/bin/npm" "publish"
50 error node v7.4.0
51 error npm  v4.0.5
52 error code E403
53 error "You cannot publish over the previously published version 1.0.0." : robotois-servos
54 error If you need help, you may report this error at:
54 error     <https://github.com/npm/npm/issues>
55 verbose exit [ 1, true ]
